<?xml version="1.0" encoding="UTF-8"?>
<!-- Generated by org.testng.reporters.JUnitReportReporter -->
<testsuite skipped="0" hostname="LAPTOP-I107BKVD" name="tests.jhptLogin" tests="1" failures="0" timestamp="05 Jul 2020 06:54:01 GMT" time="9.681" errors="0">
  <testcase name="jhptLogin" time="9.681" classname="tests.jhptLogin"/>
</testsuite> <!-- tests.jhptLogin -->
